<?xml version="1.0" encoding="UTF-8"?>
<!-- Generated by org.testng.reporters.JUnitReportReporter -->
<testsuite skipped="0" hostname="DESKTOP-LMBC54K" name="testone" tests="1" failures="0" timestamp="15 May 2021 13:03:47 GMT" time="4.708" errors="0">
  <testcase name="test1" time="4.708" classname="testone"/>
</testsuite> <!-- testone -->
