<?xml version="1.0" encoding="UTF-8"?>
<!-- Generated by org.testng.reporters.JUnitReportReporter -->
<testsuite skipped="0" hostname="DESKTOP-LMBC54K" name="test.Sample" tests="5" failures="0" timestamp="14 May 2021 10:39:42 GMT" time="0.041" errors="0">
  <testcase name="h3" time="0.006" classname="test.Sample"/>
  <testcase name="h4" time="0.003" classname="test.Sample"/>
  <testcase name="h1" time="0.022" classname="test.Sample"/>
  <testcase name="h2" time="0.009" classname="test.Sample"/>
  <testcase name="header" time="0.001" classname="test.Sample"/>
</testsuite> <!-- test.Sample -->
